<?xml version="1.0" encoding="UTF-8"?>
<!-- Generated by org.testng.reporters.JUnitReportReporter -->
<testsuite hostname="chinaski.local" failures="0" tests="5" name="com.newtours.tests.BookFlightTest" time="0.000" errors="0" timestamp="10 Oct 2021 20:54:19 GMT" skipped="5">
  <testcase classname="com.newtours.tests.BookFlightTest" name="registrationPage" time="0.000">
    <skipped/>
  </testcase> <!-- registrationPage -->
  <testcase classname="com.newtours.tests.BookFlightTest" name="flightDetailsPage" time="0.000">
    <skipped/>
  </testcase> <!-- flightDetailsPage -->
  <testcase classname="com.newtours.tests.BookFlightTest" name="registrationConfirmationPage" time="0.000">
    <skipped/>
  </testcase> <!-- registrationConfirmationPage -->
  <testcase classname="com.newtours.tests.BookFlightTest" name="findFlightPage" time="0.000">
    <skipped/>
  </testcase> <!-- findFlightPage -->
  <testcase classname="com.newtours.tests.BookFlightTest" name="flightConfirmationPage" time="0.000">
    <skipped/>
  </testcase> <!-- flightConfirmationPage -->
</testsuite> <!-- com.newtours.tests.BookFlightTest -->
